[2025-01-05 10:55:42] install.INFO: Running step: check-route-access [] []
[2025-01-05 10:55:44] install.INFO: step: check-route-access | status: done [] []
[2025-01-05 10:55:44] install.INFO: step: check-route-access | messages: no messages [] []
[2025-01-05 10:55:44] install.INFO: step: check-route-access | debug: no debug info [] []
[2025-01-05 10:55:44] install.INFO: Running step: check-install-lock [] []
[2025-01-05 10:55:44] install.INFO: step: check-install-lock | status: done [] []
[2025-01-05 10:55:44] install.INFO: step: check-install-lock | messages: [] []
[2025-01-05 10:55:44] install.INFO: Installer not locked. Proceeding with install [] []
[2025-01-05 10:55:44] install.INFO: step: check-install-lock | debug: no debug info [] []
[2025-01-05 10:55:44] install.INFO: Running step: check-db-connection [] []
[2025-01-05 10:55:44] install.INFO: step: check-db-connection | status: done [] []
[2025-01-05 10:55:44] install.INFO: step: check-db-connection | messages: [] []
[2025-01-05 10:55:44] install.INFO: DB credentials ok [] []
[2025-01-05 10:55:44] install.INFO: step: check-db-connection | debug: no debug info [] []
[2025-01-05 10:55:44] install.INFO: Running step: install-system-checks [] []
[2025-01-05 10:55:47] install.INFO: step: install-system-checks | status: failed [] []
[2025-01-05 10:55:47] install.INFO: step: install-system-checks | messages: no messages [] []
[2025-01-05 10:55:47] install.INFO: step: install-system-checks | debug: no debug info [] []
[2025-01-05 10:55:47] install.INFO: step: install-system-checks | errors: [] []
[2025-01-05 10:55:47] install.INFO: error key: data [] []
[2025-01-05 10:55:47] install.INFO: error info: {"phpVersion":{"type":"info","label":"LBL_CHECKSYS_PHPVER","status":"success","info":"8.2.12","data":[]},"PCREVersion":{"type":"info","label":"LBL_CHECKSYS_PCRE","status":"success","info":"10.40 2022-04-14","data":[]},"xml_parser_create":{"type":"error","label":"LBL_CHECKSYS_XML","status":"success","info":"","data":[]},"json_decode":{"type":"error","label":"LBL_CHECKSYS_JSON","status":"success","info":"","data":[]},"mb_strlen":{"type":"error","label":"LBL_CHECKSYS_MBSTRING","status":"success","info":"","data":[]},"gzclose":{"type":"error","label":"LBL_CHECKSYS_UPLOAD","status":"success","info":"","data":[]},"imagecreatetruecolor":{"type":"error","label":"LBL_SPRITE_SUPPORT","error":"ERROR_SPRITE_SUPPORT","status":"error","info":"","data":[]},"ZipArchive":{"type":"error","label":"LBL_CHECKSYS_ZIP","error":"ERR_CHECKSYS_ZIP","status":"error","info":"","data":[]},"IsWritableCacheDir":{"type":"error","label":"LBL_CHECKSYS_CACHE","status":"success","info":"","data":[]},"IsWritableModDir":{"type":"error","label":"LBL_CHECKSYS_MODULE","status":"success","info":"","data":[]},"IsWritableConfig":{"type":"error","label":"LBL_CHECKSYS_CONFIG","status":"success","info":"","data":[]},"IsWritableConfigO":{"type":"error","label":"LBL_CHECKSYS_OVERRIDE_CONFIG","status":"success","info":"","data":[]},"IsWritableCustomDir":{"type":"error","label":"LBL_CHECKSYS_CUSTOM","status":"success","info":"","data":[]}} [] []
[2025-01-05 10:55:47] install.INFO: error key: hasValidationError [] []
[2025-01-05 10:55:47] install.INFO: error info: true [] []
[2025-01-05 11:03:44] install.INFO: Running step: check-route-access [] []
[2025-01-05 11:03:45] install.INFO: step: check-route-access | status: done [] []
[2025-01-05 11:03:45] install.INFO: step: check-route-access | messages: no messages [] []
[2025-01-05 11:03:45] install.INFO: step: check-route-access | debug: no debug info [] []
[2025-01-05 11:03:45] install.INFO: Running step: check-install-lock [] []
[2025-01-05 11:03:45] install.INFO: step: check-install-lock | status: done [] []
[2025-01-05 11:03:45] install.INFO: step: check-install-lock | messages: [] []
[2025-01-05 11:03:45] install.INFO: Installer not locked. Proceeding with install [] []
[2025-01-05 11:03:45] install.INFO: step: check-install-lock | debug: no debug info [] []
[2025-01-05 11:03:45] install.INFO: Running step: check-db-connection [] []
[2025-01-05 11:03:45] install.INFO: step: check-db-connection | status: done [] []
[2025-01-05 11:03:45] install.INFO: step: check-db-connection | messages: [] []
[2025-01-05 11:03:45] install.INFO: DB credentials ok [] []
[2025-01-05 11:03:45] install.INFO: step: check-db-connection | debug: no debug info [] []
[2025-01-05 11:03:45] install.INFO: Running step: install-system-checks [] []
[2025-01-05 11:03:46] install.INFO: Running step: check-route-access [] []
[2025-01-05 11:03:47] install.INFO: step: check-route-access | status: done [] []
[2025-01-05 11:03:47] install.INFO: step: check-route-access | messages: no messages [] []
[2025-01-05 11:03:47] install.INFO: step: check-route-access | debug: no debug info [] []
[2025-01-05 11:03:47] install.INFO: Running step: check-install-lock [] []
[2025-01-05 11:03:47] install.INFO: step: check-install-lock | status: done [] []
[2025-01-05 11:03:47] install.INFO: step: check-install-lock | messages: [] []
[2025-01-05 11:03:47] install.INFO: Installer not locked. Proceeding with install [] []
[2025-01-05 11:03:47] install.INFO: step: check-install-lock | debug: no debug info [] []
[2025-01-05 11:03:47] install.INFO: Running step: check-db-connection [] []
[2025-01-05 11:03:47] install.INFO: step: check-db-connection | status: done [] []
[2025-01-05 11:03:47] install.INFO: step: check-db-connection | messages: [] []
[2025-01-05 11:03:47] install.INFO: DB credentials ok [] []
[2025-01-05 11:03:47] install.INFO: step: check-db-connection | debug: no debug info [] []
[2025-01-05 11:03:47] install.INFO: Running step: install-system-checks [] []
[2025-01-05 11:03:51] install.INFO: step: install-system-checks | status: failed [] []
[2025-01-05 11:03:51] install.INFO: step: install-system-checks | messages: no messages [] []
[2025-01-05 11:03:51] install.INFO: step: install-system-checks | debug: no debug info [] []
[2025-01-05 11:03:51] install.INFO: step: install-system-checks | errors: [] []
[2025-01-05 11:03:51] install.INFO: error key: data [] []
[2025-01-05 11:03:51] install.INFO: error info: {"phpVersion":{"type":"info","label":"LBL_CHECKSYS_PHPVER","status":"success","info":"8.2.12","data":[]},"PCREVersion":{"type":"info","label":"LBL_CHECKSYS_PCRE","status":"success","info":"10.40 2022-04-14","data":[]},"xml_parser_create":{"type":"error","label":"LBL_CHECKSYS_XML","status":"success","info":"","data":[]},"json_decode":{"type":"error","label":"LBL_CHECKSYS_JSON","status":"success","info":"","data":[]},"mb_strlen":{"type":"error","label":"LBL_CHECKSYS_MBSTRING","status":"success","info":"","data":[]},"gzclose":{"type":"error","label":"LBL_CHECKSYS_UPLOAD","status":"success","info":"","data":[]},"imagecreatetruecolor":{"type":"error","label":"LBL_SPRITE_SUPPORT","error":"ERROR_SPRITE_SUPPORT","status":"error","info":"","data":[]},"ZipArchive":{"type":"error","label":"LBL_CHECKSYS_ZIP","error":"ERR_CHECKSYS_ZIP","status":"error","info":"","data":[]},"IsWritableCacheDir":{"type":"error","label":"LBL_CHECKSYS_CACHE","status":"success","info":"","data":[]},"IsWritableModDir":{"type":"error","label":"LBL_CHECKSYS_MODULE","status":"success","info":"","data":[]},"IsWritableConfig":{"type":"error","label":"LBL_CHECKSYS_CONFIG","status":"success","info":"","data":[]},"IsWritableConfigO":{"type":"error","label":"LBL_CHECKSYS_OVERRIDE_CONFIG","status":"success","info":"","data":[]},"IsWritableCustomDir":{"type":"error","label":"LBL_CHECKSYS_CUSTOM","status":"success","info":"","data":[]}} [] []
[2025-01-05 11:03:51] install.INFO: error key: hasValidationError [] []
[2025-01-05 11:03:51] install.INFO: error info: true [] []
[2025-01-05 11:03:51] install.INFO: step: install-system-checks | status: failed [] []
[2025-01-05 11:03:51] install.INFO: step: install-system-checks | messages: no messages [] []
[2025-01-05 11:03:51] install.INFO: step: install-system-checks | debug: no debug info [] []
[2025-01-05 11:03:51] install.INFO: step: install-system-checks | errors: [] []
[2025-01-05 11:03:51] install.INFO: error key: data [] []
[2025-01-05 11:03:51] install.INFO: error info: {"phpVersion":{"type":"info","label":"LBL_CHECKSYS_PHPVER","status":"success","info":"8.2.12","data":[]},"PCREVersion":{"type":"info","label":"LBL_CHECKSYS_PCRE","status":"success","info":"10.40 2022-04-14","data":[]},"xml_parser_create":{"type":"error","label":"LBL_CHECKSYS_XML","status":"success","info":"","data":[]},"json_decode":{"type":"error","label":"LBL_CHECKSYS_JSON","status":"success","info":"","data":[]},"mb_strlen":{"type":"error","label":"LBL_CHECKSYS_MBSTRING","status":"success","info":"","data":[]},"gzclose":{"type":"error","label":"LBL_CHECKSYS_UPLOAD","status":"success","info":"","data":[]},"imagecreatetruecolor":{"type":"error","label":"LBL_SPRITE_SUPPORT","error":"ERROR_SPRITE_SUPPORT","status":"error","info":"","data":[]},"ZipArchive":{"type":"error","label":"LBL_CHECKSYS_ZIP","error":"ERR_CHECKSYS_ZIP","status":"error","info":"","data":[]},"IsWritableCacheDir":{"type":"error","label":"LBL_CHECKSYS_CACHE","status":"success","info":"","data":[]},"IsWritableModDir":{"type":"error","label":"LBL_CHECKSYS_MODULE","status":"success","info":"","data":[]},"IsWritableConfig":{"type":"error","label":"LBL_CHECKSYS_CONFIG","status":"success","info":"","data":[]},"IsWritableConfigO":{"type":"error","label":"LBL_CHECKSYS_OVERRIDE_CONFIG","status":"success","info":"","data":[]},"IsWritableCustomDir":{"type":"error","label":"LBL_CHECKSYS_CUSTOM","status":"success","info":"","data":[]}} [] []
[2025-01-05 11:03:51] install.INFO: error key: hasValidationError [] []
[2025-01-05 11:03:51] install.INFO: error info: true [] []
[2025-01-05 11:15:55] install.INFO: Running step: check-route-access [] []
[2025-01-05 11:15:57] install.INFO: step: check-route-access | status: done [] []
[2025-01-05 11:15:57] install.INFO: step: check-route-access | messages: no messages [] []
[2025-01-05 11:15:57] install.INFO: step: check-route-access | debug: no debug info [] []
[2025-01-05 11:15:57] install.INFO: Running step: check-install-lock [] []
[2025-01-05 11:15:57] install.INFO: step: check-install-lock | status: done [] []
[2025-01-05 11:15:57] install.INFO: step: check-install-lock | messages: [] []
[2025-01-05 11:15:57] install.INFO: Installer not locked. Proceeding with install [] []
[2025-01-05 11:15:57] install.INFO: step: check-install-lock | debug: no debug info [] []
[2025-01-05 11:15:57] install.INFO: Running step: check-db-connection [] []
[2025-01-05 11:15:57] install.INFO: step: check-db-connection | status: done [] []
[2025-01-05 11:15:57] install.INFO: step: check-db-connection | messages: [] []
[2025-01-05 11:15:57] install.INFO: DB credentials ok [] []
[2025-01-05 11:15:57] install.INFO: step: check-db-connection | debug: no debug info [] []
[2025-01-05 11:15:57] install.INFO: Running step: install-system-checks [] []
[2025-01-05 11:15:59] install.INFO: step: install-system-checks | status: done [] []
[2025-01-05 11:15:59] install.INFO: step: install-system-checks | messages: no messages [] []
[2025-01-05 11:15:59] install.INFO: step: install-system-checks | debug: no debug info [] []
[2025-01-05 11:15:59] install.INFO: Running step: create-config [] []
[2025-01-05 11:15:59] install.INFO: step: create-config | status: done [] []
[2025-01-05 11:15:59] install.INFO: step: create-config | messages: [] []
[2025-01-05 11:15:59] install.INFO: Created silent install config: config_si.php [] []
[2025-01-05 11:15:59] install.INFO: step: create-config | debug: no debug info [] []
[2025-01-05 11:15:59] install.INFO: Running step: create-env [] []
[2025-01-05 11:15:59] install.INFO: step: create-env | status: done [] []
[2025-01-05 11:15:59] install.INFO: step: create-env | messages: [] []
[2025-01-05 11:15:59] install.INFO: Created .env.local [] []
[2025-01-05 11:15:59] install.INFO: Added randomly generated APP_SECRET [] []
[2025-01-05 11:15:59] install.INFO: step: create-env | debug: no debug info [] []
[2025-01-05 11:15:59] install.INFO: Running step: run-legacy-install [] []
[2025-01-05 11:22:11] install.INFO: step: run-legacy-install | status: done [] []
[2025-01-05 11:22:11] install.INFO: step: run-legacy-install | messages: [] []
[2025-01-05 11:22:11] install.INFO: Legacy install successful [] []
[2025-01-05 11:22:11] install.INFO: step: run-legacy-install | debug: no debug info [] []
