Sun Jan  5 11:18:03 2025 [11076][1][SECURITY] OutboundEmail::checkSavePermissions - not logged in - skipping check
Sun Jan  5 11:18:04 2025 [11076][1][FATAL] User update error: Temp User is not retrieved at ID 1, boolean given
Sun Jan  5 11:18:05 2025 [11076][1][FATAL] Email address save error
Sun Jan  5 11:18:43 2025 [11076][1][FATAL] User update error: Temp User is not retrieved at ID seed_jim_id, boolean given
Sun Jan  5 11:18:44 2025 [11076][1][FATAL] Email address save error
Sun Jan  5 11:18:44 2025 [11076][1][FATAL] User update error: Temp User is not retrieved at ID seed_sarah_id, boolean given
Sun Jan  5 11:18:45 2025 [11076][1][FATAL] Email address save error
Sun Jan  5 11:18:45 2025 [11076][1][FATAL] User update error: Temp User is not retrieved at ID seed_sally_id, boolean given
Sun Jan  5 11:18:45 2025 [11076][1][FATAL] Email address save error
Sun Jan  5 11:18:46 2025 [11076][1][FATAL] User update error: Temp User is not retrieved at ID seed_max_id, boolean given
Sun Jan  5 11:18:46 2025 [11076][1][FATAL] Email address save error
Sun Jan  5 11:18:46 2025 [11076][1][FATAL] User update error: Temp User is not retrieved at ID seed_will_id, boolean given
Sun Jan  5 11:18:47 2025 [11076][1][FATAL] Email address save error
Sun Jan  5 11:18:47 2025 [11076][1][FATAL] User update error: Temp User is not retrieved at ID seed_chris_id, boolean given
Sun Jan  5 11:18:48 2025 [11076][1][FATAL] Email address save error
Sun Jan  5 11:22:11 2025 [11076][1][SECURITY] Invalid ext  logger_file_ext : ''.
Sun Jan  5 11:22:11 2025 [11076][1][SECURITY] Setting logger_file_ext to '.log'.
Sun Jan  5 11:22:11 2025 [11076][1][SECURITY] Setting logger_file_name to ''.
Sun Jan  5 11:22:11 2025 [11076][1][SECURITY] Log file extension can't be blank.
Sun Jan  5 11:22:11 2025 [11076][1][SECURITY] Setting logger_file_name to ''.
Sun Jan  5 11:22:11 2025 [11076][1][SECURITY] Log file extension can't be blank.
Sun Jan  5 11:22:35 2025 [11076][1][FATAL] Email address save error
Sun Jan  5 11:28:14 2025 [11076][1][FATAL] log call at: modules/EmailMan/tpls/config.tpl - styleChecked is not set
Sun Jan  5 11:28:19 2025 [11076][1][FATAL] log call at: modules/EmailMan/tpls/config.tpl - styleChecked is not set
Sun Jan  5 13:12:22 2025 [11076][1][FATAL] Email address save error
Sun Jan  5 13:23:39 2025 [11076][1][FATAL] log call at: modules/EmailMan/tpls/config.tpl - styleChecked is not set
Sun Jan  5 13:23:43 2025 [11076][1][FATAL] log call at: modules/EmailMan/tpls/config.tpl - styleChecked is not set
Sun Jan  5 13:47:56 2025 [11076][1][FATAL] SUGAREMAILADDRESS: address did not valid [  ]
Sun Jan  5 13:47:56 2025 [11076][1][FATAL] Invalid Argument: new address should be an array of strings, string given.
Sun Jan  5 13:47:56 2025 [11076][1][FATAL] SUGAREMAILADDRESS: address did not valid [  ]
Sun Jan  5 13:47:56 2025 [11076][1][FATAL] Invalid Argument: new address should be an array of strings, string given.
Sun Jan  5 13:48:00 2025 [11076][1][FATAL] Mysqli_query failed.
Sun Jan  5 13:48:00 2025 [11076][1][FATAL] SubpanelCustomQueryPort: Error executing custom query Query Failed: SELECT  emails.`date_sent_received`   FROM notes   LEFT JOIN  contacts contacts ON notes.contact_id=contacts.id AND contacts.deleted=0

 AND contacts.deleted=0  LEFT JOIN  users jt1 ON notes.assigned_user_id=jt1.id AND jt1.deleted=0

 AND jt1.deleted=0 INNER JOIN  contacts notes_rel ON notes.contact_id=notes_rel.id AND notes_rel.deleted=0

  where ( notes.contact_id='e8271200-c3af-5d58-eb9b-677a7f131f0a') AND notes.deleted=0   ORDER BY  emails.`date_sent_received` DESC LIMIT 1: MySQL error 1054: Unknown column 'emails.date_sent_received' in 'field list'
Sun Jan  5 13:59:21 2025 [11076][1][FATAL] log call at: modules/EmailMan/tpls/config.tpl - styleChecked is not set
Sun Jan  5 13:59:24 2025 [11076][1][FATAL] log call at: modules/EmailMan/tpls/config.tpl - styleChecked is not set
Sun Jan  5 14:09:34 2025 [11076][1][FATAL] SugarPHPMailer encountered an error: SMTP Error: Could not authenticate.
Sun Jan  5 14:09:34 2025 [11076][1][FATAL] SugarPHPMailer encountered an error: SMTP Error: Could not authenticate.
Sun Jan  5 14:10:40 2025 [11076][1][FATAL] SugarPHPMailer encountered an error: SMTP Error: Could not authenticate.
Sun Jan  5 14:10:40 2025 [11076][1][FATAL] SugarPHPMailer encountered an error: SMTP Error: Could not authenticate.
Sun Jan  5 14:17:17 2025 [11076][1][FATAL] SugarPHPMailer encountered an error: SMTP Error: Could not authenticate.
Sun Jan  5 14:17:17 2025 [11076][1][FATAL] SugarPHPMailer encountered an error: SMTP Error: Could not authenticate.
Sun Jan  5 14:17:58 2025 [11076][1][FATAL] SugarPHPMailer encountered an error: SMTP Error: Could not connect to SMTP host.
Sun Jan  5 14:17:58 2025 [11076][1][FATAL] SugarPHPMailer encountered an error: SMTP Error: Could not connect to SMTP host.
Sun Jan  5 14:21:03 2025 [11076][1][FATAL] Mysqli_query failed.
Sun Jan  5 14:21:03 2025 [11076][1][FATAL] SubpanelCustomQueryPort: Error executing custom query Query Failed: SELECT  emails.`date_sent_received`   FROM notes   LEFT JOIN  contacts contacts ON notes.contact_id=contacts.id AND contacts.deleted=0

 AND contacts.deleted=0  LEFT JOIN  users jt1 ON notes.assigned_user_id=jt1.id AND jt1.deleted=0

 AND jt1.deleted=0 INNER JOIN  contacts notes_rel ON notes.contact_id=notes_rel.id AND notes_rel.deleted=0

  where ( notes.contact_id='e8271200-c3af-5d58-eb9b-677a7f131f0a') AND notes.deleted=0   ORDER BY  emails.`date_sent_received` DESC LIMIT 1: MySQL error 1054: Unknown column 'emails.date_sent_received' in 'field list'
Sun Jan  5 14:23:01 2025 [11076][1][FATAL] log call at: modules/EmailMan/tpls/config.tpl - styleChecked is not set
Sun Jan  5 14:23:04 2025 [11076][1][FATAL] log call at: modules/EmailMan/tpls/config.tpl - styleChecked is not set
Sun Jan  5 14:25:10 2025 [11076][1][FATAL] Mysqli_query failed.
Sun Jan  5 14:25:10 2025 [11076][1][FATAL] SubpanelCustomQueryPort: Error executing custom query Query Failed: SELECT  emails.`date_sent_received`   FROM notes   LEFT JOIN  contacts contacts ON notes.contact_id=contacts.id AND contacts.deleted=0

 AND contacts.deleted=0  LEFT JOIN  users jt1 ON notes.assigned_user_id=jt1.id AND jt1.deleted=0

 AND jt1.deleted=0 INNER JOIN  contacts notes_rel ON notes.contact_id=notes_rel.id AND notes_rel.deleted=0

  where ( notes.contact_id='e8271200-c3af-5d58-eb9b-677a7f131f0a') AND notes.deleted=0   ORDER BY  emails.`date_sent_received` DESC LIMIT 1: MySQL error 1054: Unknown column 'emails.date_sent_received' in 'field list'
Sun Jan  5 14:38:13 2025 [11076][1][FATAL] Mysqli_query failed.
Sun Jan  5 14:38:13 2025 [11076][1][FATAL] SubpanelCustomQueryPort: Error executing custom query Query Failed: SELECT  emails.`date_sent_received`   FROM notes   LEFT JOIN  contacts contacts ON notes.contact_id=contacts.id AND contacts.deleted=0

 AND contacts.deleted=0  LEFT JOIN  users jt1 ON notes.assigned_user_id=jt1.id AND jt1.deleted=0

 AND jt1.deleted=0 INNER JOIN  contacts notes_rel ON notes.contact_id=notes_rel.id AND notes_rel.deleted=0

  where ( notes.contact_id='e8271200-c3af-5d58-eb9b-677a7f131f0a') AND notes.deleted=0   ORDER BY  emails.`date_sent_received` DESC LIMIT 1: MySQL error 1054: Unknown column 'emails.date_sent_received' in 'field list'
Sun Jan  5 14:38:47 2025 [11076][1][FATAL] log call at: modules/EmailMan/tpls/config.tpl - styleChecked is not set
Sun Jan  5 14:38:51 2025 [11076][1][FATAL] log call at: modules/EmailMan/tpls/config.tpl - styleChecked is not set
Sun Jan  5 14:40:21 2025 [11076][1][FATAL] SugarPHPMailer encountered an error: SMTP Error: Could not connect to SMTP host. Failed to connect to server
Sun Jan  5 14:40:21 2025 [11076][1][FATAL] SugarPHPMailer encountered an error: SMTP Error: Could not connect to SMTP host. Failed to connect to server
Sun Jan  5 14:45:48 2025 [11076][1][FATAL] Mysqli_query failed.
Sun Jan  5 14:45:48 2025 [11076][1][FATAL] SubpanelCustomQueryPort: Error executing custom query Query Failed: SELECT  emails.`date_sent_received`   FROM notes   LEFT JOIN  contacts contacts ON notes.contact_id=contacts.id AND contacts.deleted=0

 AND contacts.deleted=0  LEFT JOIN  users jt1 ON notes.assigned_user_id=jt1.id AND jt1.deleted=0

 AND jt1.deleted=0 INNER JOIN  contacts notes_rel ON notes.contact_id=notes_rel.id AND notes_rel.deleted=0

  where ( notes.contact_id='e8271200-c3af-5d58-eb9b-677a7f131f0a') AND notes.deleted=0   ORDER BY  emails.`date_sent_received` DESC LIMIT 1: MySQL error 1054: Unknown column 'emails.date_sent_received' in 'field list'
Sun Jan  5 14:47:13 2025 [11076][1][FATAL] Mysqli_query failed.
Sun Jan  5 14:47:13 2025 [11076][1][FATAL] SubpanelCustomQueryPort: Error executing custom query Query Failed: SELECT  emails.`date_sent_received`   FROM notes   LEFT JOIN  contacts contacts ON notes.contact_id=contacts.id AND contacts.deleted=0

 AND contacts.deleted=0  LEFT JOIN  users jt1 ON notes.assigned_user_id=jt1.id AND jt1.deleted=0

 AND jt1.deleted=0 INNER JOIN  contacts notes_rel ON notes.contact_id=notes_rel.id AND notes_rel.deleted=0

  where ( notes.contact_id='e8271200-c3af-5d58-eb9b-677a7f131f0a') AND notes.deleted=0   ORDER BY  emails.`date_sent_received` DESC LIMIT 1: MySQL error 1054: Unknown column 'emails.date_sent_received' in 'field list'
Sun Jan  5 14:49:06 2025 [11076][1][FATAL] Mysqli_query failed.
Sun Jan  5 14:49:06 2025 [11076][1][FATAL] SubpanelCustomQueryPort: Error executing custom query Query Failed: SELECT  emails.`date_sent_received`   FROM notes   LEFT JOIN  contacts contacts ON notes.contact_id=contacts.id AND contacts.deleted=0

 AND contacts.deleted=0  LEFT JOIN  users jt1 ON notes.assigned_user_id=jt1.id AND jt1.deleted=0

 AND jt1.deleted=0 INNER JOIN  contacts notes_rel ON notes.contact_id=notes_rel.id AND notes_rel.deleted=0

  where ( notes.contact_id='e8271200-c3af-5d58-eb9b-677a7f131f0a') AND notes.deleted=0   ORDER BY  emails.`date_sent_received` DESC LIMIT 1: MySQL error 1054: Unknown column 'emails.date_sent_received' in 'field list'
Sun Jan  5 14:50:14 2025 [11076][1][FATAL] Mysqli_query failed.
Sun Jan  5 14:50:14 2025 [11076][1][FATAL] SubpanelCustomQueryPort: Error executing custom query Query Failed: SELECT  emails.`date_sent_received`   FROM notes   LEFT JOIN  contacts contacts ON notes.contact_id=contacts.id AND contacts.deleted=0

 AND contacts.deleted=0  LEFT JOIN  users jt1 ON notes.assigned_user_id=jt1.id AND jt1.deleted=0

 AND jt1.deleted=0 INNER JOIN  contacts notes_rel ON notes.contact_id=notes_rel.id AND notes_rel.deleted=0

  where ( notes.contact_id='e8271200-c3af-5d58-eb9b-677a7f131f0a') AND notes.deleted=0   ORDER BY  emails.`date_sent_received` DESC LIMIT 1: MySQL error 1054: Unknown column 'emails.date_sent_received' in 'field list'
Sun Jan  5 14:54:00 2025 [11076][1][FATAL] log call at: modules/EmailMan/tpls/config.tpl - styleChecked is not set
Sun Jan  5 14:54:07 2025 [11076][1][FATAL] log call at: modules/EmailMan/tpls/config.tpl - styleChecked is not set
Sun Jan  5 14:57:09 2025 [11076][1][FATAL] Mysqli_query failed.
Sun Jan  5 14:57:09 2025 [11076][1][FATAL] SubpanelCustomQueryPort: Error executing custom query Query Failed: SELECT  emails.`date_sent_received`   FROM notes   LEFT JOIN  contacts contacts ON notes.contact_id=contacts.id AND contacts.deleted=0

 AND contacts.deleted=0  LEFT JOIN  users jt1 ON notes.assigned_user_id=jt1.id AND jt1.deleted=0

 AND jt1.deleted=0 INNER JOIN  contacts notes_rel ON notes.contact_id=notes_rel.id AND notes_rel.deleted=0

  where ( notes.contact_id='e8271200-c3af-5d58-eb9b-677a7f131f0a') AND notes.deleted=0   ORDER BY  emails.`date_sent_received` DESC LIMIT 1: MySQL error 1054: Unknown column 'emails.date_sent_received' in 'field list'
Sun Jan  5 15:45:25 2025 [11076][1][FATAL] log call at: modules/EmailMan/tpls/config.tpl - styleChecked is not set
Sun Jan  5 15:45:29 2025 [11076][1][FATAL] log call at: modules/EmailMan/tpls/config.tpl - styleChecked is not set
Sun Jan  5 15:46:13 2025 [11076][1][FATAL] SugarPHPMailer encountered an error: SMTP Error: Could not authenticate.
Sun Jan  5 15:46:13 2025 [11076][1][FATAL] SugarPHPMailer encountered an error: SMTP Error: Could not authenticate.
Sun Jan  5 15:47:45 2025 [11076][1][FATAL] log call at: modules/EmailMan/tpls/config.tpl - styleChecked is not set
Sun Jan  5 15:53:01 2025 [11076][1][FATAL] SugarPHPMailer encountered an error: SMTP Error: Could not authenticate.
Sun Jan  5 15:53:01 2025 [11076][1][FATAL] SugarPHPMailer encountered an error: SMTP Error: Could not authenticate.
Sun Jan  5 15:55:23 2025 [11076][1][FATAL] SugarPHPMailer encountered an error: SMTP Error: Could not authenticate.
Sun Jan  5 15:55:23 2025 [11076][1][FATAL] SugarPHPMailer encountered an error: SMTP Error: Could not authenticate.
Sun Jan  5 16:06:03 2025 [11076][1][FATAL] log call at: modules/EmailMan/tpls/config.tpl - styleChecked is not set
Sun Jan  5 16:06:07 2025 [11076][1][FATAL] log call at: modules/EmailMan/tpls/config.tpl - styleChecked is not set
Sun Jan  5 16:11:05 2025 [11076][1][FATAL] SugarPHPMailer encountered an error: SMTP Error: Could not connect to SMTP host. Failed to connect to server
Sun Jan  5 16:11:05 2025 [11076][1][FATAL] SugarPHPMailer encountered an error: SMTP Error: Could not connect to SMTP host. Failed to connect to server
Sun Jan  5 16:14:26 2025 [11076][1][FATAL] SugarPHPMailer encountered an error: SMTP Error: Could not authenticate.
Sun Jan  5 16:14:26 2025 [11076][1][FATAL] SugarPHPMailer encountered an error: SMTP Error: Could not authenticate.
Mon Jan  6 07:35:10 2025 [6808][1][FATAL] IP Address mismatch: SESSION IP: ::1 CLIENT IP: 127.0.0.1
Mon Jan  6 07:35:51 2025 [6808][1][FATAL] Email address save error
Mon Jan  6 07:42:48 2025 [4852][1][FATAL] Email address save error
Mon Jan  6 08:07:24 2025 [14196][1][FATAL] Exception handling in C:\xampp\htdocs\SuiteCRM-8\public\legacy\include\MVC\Controller\SugarController.php:397
Mon Jan  6 08:07:24 2025 [14196][1][FATAL] Exception in Controller: unable to write file C:\xampp\htdocs\SuiteCRM-8\public\legacy\cache\smarty\templates_c\fcc2f87ff261a5d2bd455b13cda54f7e9e483a1c_0.file.EditView.tpl.php
Mon Jan  6 08:21:20 2025 [1212][1][FATAL] Email address save error
Mon Jan  6 08:29:26 2025 [1212][1][FATAL] Email address save error
Mon Jan  6 08:38:25 2025 [1212][1][FATAL] log call at: modules/EmailMan/tpls/config.tpl - styleChecked is not set
Mon Jan  6 08:38:30 2025 [1212][1][FATAL] log call at: modules/EmailMan/tpls/config.tpl - styleChecked is not set
Mon Jan  6 08:39:14 2025 [1212][1][FATAL] SugarPHPMailer encountered an error: SMTP Error: Could not authenticate.
Mon Jan  6 08:39:14 2025 [1212][1][FATAL] SugarPHPMailer encountered an error: SMTP Error: Could not authenticate.
Mon Jan  6 09:05:11 2025 [1212][1][FATAL] Email address save error
Mon Jan  6 09:06:13 2025 [1212][1][FATAL] log call at: modules/EmailMan/tpls/config.tpl - styleChecked is not set
Mon Jan  6 09:06:19 2025 [1212][1][FATAL] log call at: modules/EmailMan/tpls/config.tpl - styleChecked is not set
Mon Jan  6 09:17:12 2025 [1212][1][FATAL] Exception handling in C:\xampp\htdocs\SuiteCRM-8\public\legacy\include\MVC\Controller\SugarController.php:397
Mon Jan  6 09:17:12 2025 [1212][1][FATAL] Exception in Controller: unable to write file C:\xampp\htdocs\SuiteCRM-8\public\legacy\cache\smarty\templates_c\ef072676f0220bffdb75e5a5ce291d1a91a67935_0.file.ComposeView.tpl.php
Mon Jan  6 10:07:35 2025 [1212][1][FATAL] log call at: modules/EmailMan/tpls/config.tpl - styleChecked is not set
Mon Jan  6 10:07:39 2025 [1212][1][FATAL] log call at: modules/EmailMan/tpls/config.tpl - styleChecked is not set
Mon Jan  6 10:08:39 2025 [1212][1][FATAL] SugarPHPMailer encountered an error: SMTP Error: Could not authenticate.
Mon Jan  6 10:08:39 2025 [1212][1][FATAL] SugarPHPMailer encountered an error: SMTP Error: Could not authenticate.
Mon Jan  6 10:57:24 2025 [1212][1][FATAL] SugarPHPMailer encountered an error: SMTP Error: Could not authenticate.
Mon Jan  6 10:57:24 2025 [1212][1][FATAL] SugarPHPMailer encountered an error: SMTP Error: Could not authenticate.
Mon Jan  6 11:05:40 2025 [1212][1][FATAL] SugarPHPMailer encountered an error: SMTP Error: Could not authenticate.
Mon Jan  6 11:05:40 2025 [1212][1][FATAL] SugarPHPMailer encountered an error: SMTP Error: Could not authenticate.
Mon Jan  6 11:34:16 2025 [1212][1][FATAL] SugarPHPMailer encountered an error: SMTP Error: Could not authenticate.
Mon Jan  6 11:34:16 2025 [1212][1][FATAL] SugarPHPMailer encountered an error: SMTP Error: Could not authenticate.
Mon Jan  6 11:35:35 2025 [1212][1][FATAL] SugarPHPMailer encountered an error: SMTP Error: Could not authenticate.
Mon Jan  6 11:35:35 2025 [1212][1][FATAL] SugarPHPMailer encountered an error: SMTP Error: Could not authenticate.
Mon Jan  6 11:36:58 2025 [1212][1][FATAL] SugarPHPMailer encountered an error: SMTP Error: Could not authenticate.
Mon Jan  6 11:36:58 2025 [1212][1][FATAL] SugarPHPMailer encountered an error: SMTP Error: Could not authenticate.
Mon Jan  6 11:39:56 2025 [1212][1][FATAL] log call at: modules/EmailMan/tpls/config.tpl - styleChecked is not set
Mon Jan  6 11:41:16 2025 [1212][1][FATAL] SugarPHPMailer encountered an error: SMTP Error: Could not authenticate.
Mon Jan  6 11:41:16 2025 [1212][1][FATAL] SugarPHPMailer encountered an error: SMTP Error: Could not authenticate.
Mon Jan  6 12:03:32 2025 [1212][1][FATAL] log call at: modules/EmailMan/tpls/config.tpl - styleChecked is not set
Mon Jan  6 12:05:12 2025 [1212][1][FATAL] log call at: modules/EmailMan/tpls/config.tpl - styleChecked is not set
Mon Jan  6 13:53:11 2025 [8180][1][FATAL] log call at: modules/EmailMan/tpls/config.tpl - styleChecked is not set
Mon Jan  6 13:53:22 2025 [8180][1][FATAL] log call at: modules/EmailMan/tpls/config.tpl - styleChecked is not set
Mon Jan  6 14:07:20 2025 [8180][1][FATAL] log call at: modules/EmailMan/tpls/config.tpl - styleChecked is not set
Mon Jan  6 14:13:55 2025 [17360][1][FATAL] log call at: modules/EmailMan/tpls/config.tpl - styleChecked is not set
Mon Jan  6 14:15:24 2025 [17360][1][FATAL] log call at: modules/EmailMan/tpls/config.tpl - styleChecked is not set
Mon Jan  6 14:16:46 2025 [17360][1][FATAL] log call at: modules/EmailMan/tpls/config.tpl - styleChecked is not set
Mon Jan  6 14:17:04 2025 [17360][1][FATAL] log call at: modules/EmailMan/tpls/config.tpl - styleChecked is not set
Mon Jan  6 14:19:40 2025 [17360][1][FATAL] Email address save error
Mon Jan  6 14:53:13 2025 [17360][1][FATAL] Email address save error
Mon Jan  6 16:28:22 2025 [5924][1][FATAL] Email address save error
Mon Jan  6 16:34:17 2025 [5924][1][FATAL] log call at: modules/EmailMan/tpls/config.tpl - styleChecked is not set
Mon Jan  6 16:53:16 2025 [6636][1][FATAL] Email address save error
Mon Jan  6 17:06:44 2025 [6636][1][FATAL] Mysqli_query failed.
Mon Jan  6 17:06:44 2025 [6636][1][FATAL] SubpanelCustomQueryPort: Error executing custom query Query Failed: SELECT  emails.`date_sent_received`   FROM notes   LEFT JOIN  contacts contacts ON notes.contact_id=contacts.id AND contacts.deleted=0

 AND contacts.deleted=0  LEFT JOIN  users jt1 ON notes.assigned_user_id=jt1.id AND jt1.deleted=0

 AND jt1.deleted=0 INNER JOIN  contacts notes_rel ON notes.contact_id=notes_rel.id AND notes_rel.deleted=0

  where ( notes.contact_id='e8271200-c3af-5d58-eb9b-677a7f131f0a') AND notes.deleted=0   ORDER BY  emails.`date_sent_received` DESC LIMIT 1: MySQL error 1054: Unknown column 'emails.date_sent_received' in 'field list'
Mon Jan  6 17:28:04 2025 [6636][1][FATAL] Email address save error
Mon Jan  6 17:46:53 2025 [7240][1][FATAL] Email address save error
Mon Jan  6 19:25:25 2025 [7240][1][FATAL] Email address save error
Mon Jan  6 19:49:00 2025 [7240][1][FATAL] Email address save error
Mon Jan  6 19:58:14 2025 [7240][1][FATAL] Email address save error
Mon Jan  6 19:59:14 2025 [7240][1][FATAL] A user (1) attempted to use an invalid file for the logo - upload://tmp_logo_company_upload/Kommon_School_Logo%281%29.png
Mon Jan  6 19:59:41 2025 [7240][1][FATAL] A user (1) attempted to use an invalid file for the logo - upload://tmp_logo_company_upload/Kommon_School_Logo%281%29.png
Mon Jan  6 20:04:45 2025 [7240][1][FATAL] Email address save error
Mon Jan  6 20:25:26 2025 [8676][1][FATAL] Email address save error
Tue Jan  7 08:08:01 2025 [5384][1][FATAL] Email address save error
Tue Jan  7 08:11:11 2025 [5384][1][FATAL] Email address save error
Tue Jan  7 08:13:28 2025 [12520][1][FATAL] Email address save error
Tue Jan  7 08:14:58 2025 [12520][1][FATAL] Email address save error
Tue Jan  7 08:16:21 2025 [12520][1][FATAL] Email address save error
Tue Jan  7 08:24:22 2025 [11516][1][FATAL] Email address save error
Tue Jan  7 08:32:47 2025 [7884][1][FATAL] Email address save error
Tue Jan  7 08:38:25 2025 [7884][1][FATAL] Email address save error
Tue Jan  7 08:41:05 2025 [7884][1][FATAL] Email address save error
Tue Jan  7 09:23:50 2025 [7884][1][FATAL] Email address save error
Sat Jan 11 07:50:07 2025 [7980][1][FATAL] Email address save error
Sat Jan 11 10:53:00 2025 [9912][1][FATAL] Class Connectors does not exist, unable to rename.
Sat Jan 11 10:53:01 2025 [9912][1][FATAL] Class Version does not exist, unable to rename.
Sat Jan 11 10:53:02 2025 [9912][1][FATAL] Class CustomFields does not exist, unable to rename.
Sat Jan 11 10:53:33 2025 [9912][1][FATAL] Class Connectors does not exist, unable to rename.
Sat Jan 11 10:53:34 2025 [9912][1][FATAL] Class Version does not exist, unable to rename.
Sat Jan 11 10:53:34 2025 [9912][1][FATAL] Class CustomFields does not exist, unable to rename.
Sat Jan 11 10:54:01 2025 [9912][1][FATAL] Class Connectors does not exist, unable to rename.
Sat Jan 11 10:54:01 2025 [9912][1][FATAL] Class Version does not exist, unable to rename.
Sat Jan 11 10:54:02 2025 [9912][1][FATAL] Class CustomFields does not exist, unable to rename.
Sat Jan 11 10:54:34 2025 [9912][1][FATAL] Class Connectors does not exist, unable to rename.
Sat Jan 11 10:54:35 2025 [9912][1][FATAL] Class Version does not exist, unable to rename.
Sat Jan 11 10:54:36 2025 [9912][1][FATAL] Class CustomFields does not exist, unable to rename.
Sat Jan 11 10:55:14 2025 [9912][1][FATAL] Class Connectors does not exist, unable to rename.
Sat Jan 11 10:55:14 2025 [9912][1][FATAL] Class Version does not exist, unable to rename.
Sat Jan 11 10:55:15 2025 [9912][1][FATAL] Class CustomFields does not exist, unable to rename.
